app/proguard-rules.txt
-dontwarn com.viewpagerindicator.**