app/build/outputs/mapping/release/mapping.txt
io.github.carlorodriguez.alarmon.AboutTabbedActivity -> io.github.carlorodriguez.alarmon.AboutTabbedActivity:
    io.github.carlorodriguez.alarmon.AboutTabbedActivity$SectionsPagerAdapter mSectionsPagerAdapter -> j
    android.support.v4.view.ViewPager mViewPager -> k
    void <init>() -> <init>
    void onCreate(android.os.Bundle) -> onCreate
    boolean onOptionsItemSelected(android.view.MenuItem) -> onOptionsItemSelected
io.github.carlorodriguez.alarmon.AboutTabbedActivity$PlaceholderFragment -> io.github.carlorodriguez.alarmon.a:
    void <init>() -> <init>
    io.github.carlorodriguez.alarmon.AboutTabbedActivity$PlaceholderFragment newInstance(int) -> b
    android.view.View onCreateView(android.view.LayoutInflater,android.view.ViewGroup,android.os.Bundle) -> a
io.github.carlorodriguez.alarmon.AboutTabbedActivity$SectionsPagerAdapter -> io.github.carlorodriguez.alarmon.b:
    io.github.carlorodriguez.alarmon.AboutTabbedActivity this$0 -> a
    void <init>(io.github.carlorodriguez.alarmon.AboutTabbedActivity,android.support.v4.app.FragmentManager) -> <init>
    android.support.v4.app.Fragment getItem(int) -> a
    int getCount() -> b
    java.lang.CharSequence getPageTitle(int) -> c
io.github.carlorodriguez.alarmon.ActivityAlarmClock -> io.github.carlorodriguez.alarmon.ActivityAlarmClock:
    com.wdullaer.materialdatetimepicker.time.TimePickerDialog picker -> k
    io.github.carlorodriguez.alarmon.ActivityAlarmClock activityAlarmClock -> j
    io.github.carlorodriguez.alarmon.AlarmClockServiceBinder service -> l
    io.github.carlorodriguez.alarmon.NotificationServiceBinder notifyService -> m
    io.github.carlorodriguez.alarmon.DbAccessor db -> n
    io.github.carlorodriguez.alarmon.AlarmAdapter adapter -> o
    android.database.Cursor cursor -> p
    android.os.Handler handler -> q
    java.lang.Runnable tickCallback -> r
    android.support.v7.widget.RecyclerView alarmList -> s
    int mLastFirstVisiblePosition -> t
    void <init>() -> <init>
    void onCreate(android.os.Bundle) -> onCreate
    void undoAlarmDeletion(io.github.carlorodriguez.alarmon.AlarmTime,io.github.carlorodriguez.alarmon.AlarmSettings,java.lang.String,boolean) -> a
    void onResume() -> onResume
    void onPause() -> onPause
    void onDestroy() -> onDestroy
    boolean onCreateOptionsMenu(android.view.Menu) -> onCreateOptionsMenu
    void onTimeSet(com.wdullaer.materialdatetimepicker.time.RadialPickerLayout,int,int,int) -> b
    void onTimeChanged(com.wdullaer.materialdatetimepicker.time.RadialPickerLayout,int,int,int) -> a
    boolean onOptionsItemSelected(android.view.MenuItem) -> onOptionsItemSelected
    void showDialogFragment(int) -> b
    void redraw() -> n
io.github.carlorodriguez.alarmon.ActivityAlarmClock$1 -> io.github.carlorodriguez.alarmon.c:
    io.github.carlorodriguez.alarmon.ActivityAlarmClock this$0 -> a
    void <init>(io.github.carlorodriguez.alarmon.ActivityAlarmClock,int,int) -> <init>
    boolean onMove(android.support.v7.widget.RecyclerView,android.support.v7.widget.RecyclerView$ViewHolder,android.support.v7.widget.RecyclerView$ViewHolder) -> b
    void onSwiped(android.support.v7.widget.RecyclerView$ViewHolder,int) -> a
io.github.carlorodriguez.alarmon.ActivityAlarmClock$1$1 -> io.github.carlorodriguez.alarmon.d:
    io.github.carlorodriguez.alarmon.AlarmInfo val$alarmInfo -> a
    long val$alarmId -> b
    io.github.carlorodriguez.alarmon.ActivityAlarmClock$1 this$1 -> c
    void <init>(io.github.carlorodriguez.alarmon.ActivityAlarmClock$1,io.github.carlorodriguez.alarmon.AlarmInfo,long) -> <init>
    void onClick(android.view.View) -> onClick
io.github.carlorodriguez.alarmon.ActivityAlarmClock$2 -> io.github.carlorodriguez.alarmon.e:
    io.github.carlorodriguez.alarmon.ActivityAlarmClock this$0 -> a
    void <init>(io.github.carlorodriguez.alarmon.ActivityAlarmClock) -> <init>
    void onClick(android.view.View) -> onClick
...
android.support.v7.preference.PreferenceManager$OnPreferenceTreeClickListener -> android.support.v7.preference.ac:
    boolean onPreferenceTreeClick(android.support.v7.preference.Preference) -> b
android.support.v7.preference.PreferenceScreen -> android.support.v7.preference.PreferenceScreen:
    void <init>(android.content.Context,android.util.AttributeSet) -> <init>
    void onClick() -> g
    boolean isOnSameScreenAsChildren() -> b
android.support.v7.preference.PreferenceViewHolder -> android.support.v7.preference.ad:
    android.util.SparseArray mCachedViews -> l
    void <init>(android.view.View) -> <init>
    android.view.View findViewById(int) -> a
android.support.v7.preference.R -> android.support.v7.preference.ae:
android.support.v7.preference.R$attr -> android.support.v7.preference.af:
    int actionBarDivider -> actionBarDivider
    int actionBarItemBackground -> actionBarItemBackground
    int actionBarPopupTheme -> actionBarPopupTheme
    int actionBarSize -> actionBarSize
    int actionBarSplitStyle -> actionBarSplitStyle
    int actionBarStyle -> actionBarStyle
    int actionBarTabBarStyle -> actionBarTabBarStyle
    int actionBarTabStyle -> actionBarTabStyle
    int actionBarTabTextStyle -> actionBarTabTextStyle
    int actionBarTheme -> actionBarTheme
    int actionBarWidgetTheme -> actionBarWidgetTheme
    int actionButtonStyle -> actionButtonStyle
    int actionDropDownStyle -> actionDropDownStyle
    int actionLayout -> actionLayout
    int actionMenuTextAppearance -> actionMenuTextAppearance
    int actionMenuTextColor -> actionMenuTextColor
    int actionModeBackground -> actionModeBackground
    int actionModeCloseButtonStyle -> actionModeCloseButtonStyle
    int actionModeCloseDrawable -> actionModeCloseDrawable
    int actionModeCopyDrawable -> actionModeCopyDrawable
    int actionModeCutDrawable -> actionModeCutDrawable
    int actionModeFindDrawable -> actionModeFindDrawable
    int actionModePasteDrawable -> actionModePasteDrawable
    int actionModePopupWindowStyle -> actionModePopupWindowStyle
    int actionModeSelectAllDrawable -> actionModeSelectAllDrawable
    int actionModeShareDrawable -> actionModeShareDrawable
android.support.v7.preference.R$id -> android.support.v7.preference.ag:
    int action0 -> action0
    int action_bar -> action_bar
    int action_bar_activity_content -> action_bar_activity_content
    int action_bar_container -> action_bar_container
    int action_bar_root -> action_bar_root
    int action_bar_spinner -> action_bar_spinner
    int action_bar_subtitle -> action_bar_subtitle
    int action_bar_title -> action_bar_title
    int action_context_bar -> action_context_bar
    int action_divider -> action_divider
    int action_menu_divider -> action_menu_divider
    int action_menu_presenter -> action_menu_presenter
    int action_mode_bar -> action_mode_bar
    int action_mode_bar_stub -> action_mode_bar_stub
    int action_mode_close_button -> action_mode_close_button
    int activity_chooser_view_content -> activity_chooser_view_content
    int alertTitle -> alertTitle
    int always -> always
    int beginning -> beginning
    int buttonPanel -> buttonPanel
    int cancel_action -> cancel_action
    int checkbox -> checkbox
    int chronometer -> chronometer
    int collapseActionView -> collapseActionView
    int contentPanel -> contentPanel
    int custom -> custom
    int customPanel -> customPanel
    int decor_content_parent -> decor_content_parent
    int default_activity_button -> default_activity_button
    int disableHome -> disableHome
    int edit_query -> edit_query
    int end -> end
    int end_padder -> end_padder